{"name": "test_login[test_loginMulUsers1]", "status": "broken", "statusDetails": {"message": "selenium.common.exceptions.TimeoutException: Message: element is not present", "trace": "self = <tests.test_web.TestWeb object at 0x0000026048DE9280>, test_loginMulUsers = ('Test7User7@qa.com', 'Admin2')\n\n    @pytest.mark.parametrize(\"test_loginMulUsers\", [\n        {\"username\": \"Test7User7@qa.com\", \"pwd\": \"Admin1\"},\n        {\"username\": \"Test7User7@qa.com\", \"pwd\": \"Admin2\"}], indirect=True)\n    def test_login(self, test_loginMulUsers):\n        try:\n            name, pwd = test_loginMulUsers\n            class_instance = LoginPage(self.driver, self.filepath)\n            class_instance.navigateToApplication(self.configData['url']) \\\n                .clickToSingIn() \\\n                .enterUserName(name) \\\n                .enterPassword(pwd) \\\n                .clickToSingInButton() \\\n                .verifyMyAccountPage() \\\n                .clickToSingOutButton()\n        except WebDriverException as e:\n            BaseTest.take_screenshot(self, e.msg)\n>           raise e\n\ntests\\test_web.py:25: \n_ _ _ _ _ _ _ _ _ _ _ _ _ _ _ _ _ _ _ _ _ _ _ _ _ _ _ _ _ _ _ _ _ _ _ _ _ _ _ _ _ _ _ _ _ _ _ _ _ _ _ _ _ _ _ _ _ _ _ _ _ _ _ _ _ _ _ _ _ _ _ _ _ _ _ _ _ _ _ _ _ _\ntests\\test_web.py:16: in test_login\n    class_instance.navigateToApplication(self.configData['url']) \\\npages\\myaccount_page.py:15: in verifyMyAccountPage\n    if BasePage.isElementPresent(self, By.XPATH, self.locators.PAGETITLE):\nwebdriver\\WebdriverBasePage.py:92: in isElementPresent\n    raise e\nwebdriver\\WebdriverBasePage.py:84: in isElementPresent\n    self.elementWaitCondition(byelement, byindentifier)\nwebdriver\\WebdriverBasePage.py:25: in elementWaitCondition\n    self.web_driver_wait.until(\n_ _ _ _ _ _ _ _ _ _ _ _ _ _ _ _ _ _ _ _ _ _ _ _ _ _ _ _ _ _ _ _ _ _ _ _ _ _ _ _ _ _ _ _ _ _ _ _ _ _ _ _ _ _ _ _ _ _ _ _ _ _ _ _ _ _ _ _ _ _ _ _ _ _ _ _ _ _ _ _ _ _\n\nself = <selenium.webdriver.support.wait.WebDriverWait (session=\"3ad6461dbea1a956768b0c5c8c0fbf59\")>\nmethod = <selenium.webdriver.support.expected_conditions.presence_of_element_located object at 0x0000026048DCB850>, message = 'element is not present'\n\n    def until(self, method, message=''):\n        \"\"\"Calls the method provided with the driver as an argument until the \\\n        return value is not False.\"\"\"\n        screen = None\n        stacktrace = None\n    \n        end_time = time.time() + self._timeout\n        while True:\n            try:\n                value = method(self._driver)\n                if value:\n                    return value\n            except self._ignored_exceptions as exc:\n                screen = getattr(exc, 'screen', None)\n                stacktrace = getattr(exc, 'stacktrace', None)\n            time.sleep(self._poll)\n            if time.time() > end_time:\n                break\n>       raise TimeoutException(message, screen, stacktrace)\nE       selenium.common.exceptions.TimeoutException: Message: element is not present\n\nvenv\\lib\\site-packages\\selenium\\webdriver\\support\\wait.py:80: TimeoutException"}, "attachments": [{"name": "screenshot", "source": "294f3083-5bf6-460a-92a3-40be0d9e068f-attachment.png", "type": "image/png"}, {"name": "stdout", "source": "f1ae117f-01f3-4a2f-bbfc-595e46d77347-attachment.txt", "type": "text/plain"}], "parameters": [{"name": "test_loginMulUsers", "value": "{'username': 'Test7User7@qa.com', 'pwd': 'Admin2'}"}], "start": 1603353875734, "stop": 1603353914501, "uuid": "c43dab91-b3b7-4a19-b4c5-53a0ead71997", "historyId": "f4f5bbafc551f4a9dc0860432c25ba9b", "testCaseId": "0a64c71c36667f491e6e7da6f7ebf4e5", "fullName": "tests.test_web.TestWeb#test_login", "labels": [{"name": "tag", "value": "@pytest.mark.usefixtures('driver_get', 'test_data', 'create_logger_file', 'config_data')"}, {"name": "parentSuite", "value": "tests"}, {"name": "suite", "value": "test_web"}, {"name": "subSuite", "value": "TestWeb"}, {"name": "host", "value": "IN-IT2755"}, {"name": "thread", "value": "3288-MainThread"}, {"name": "framework", "value": "pytest"}, {"name": "language", "value": "cpython3"}, {"name": "package", "value": "tests.test_web"}]}