{
  "uid" : "df6eed8d986c98ec",
  "name" : "test_login[test_loginMulUsers1]",
  "fullName" : "AppTests.test_web.TestWeb#test_login",
  "historyId" : "32ab3767b10ea5f690efdf1ee19cb53b",
  "time" : {
    "start" : 1603026942007,
    "stop" : 1603027017574,
    "duration" : 75567
  },
  "status" : "broken",
  "statusMessage" : "selenium.common.exceptions.TimeoutException: Message: element is not present",
  "statusTrace" : "self = <test_web.TestWeb object at 0x0000023EA5678FA0>, test_loginMulUsers = ('Test7User7@qa.com', 'Admin2')\n\n    @severity(severity_level.CRITICAL)\n    @pytest.mark.parametrize(\"test_loginMulUsers\", [\n        {\"username\": \"Test7User7@qa.com\", \"pwd\": \"Admin1\"},\n        {\"username\": \"Test7User7@qa.com\", \"pwd\": \"Admin2\"}], indirect=True)\n    def test_login(self, test_loginMulUsers):\n        try:\n            name, pwd = test_loginMulUsers\n            allure.attach(f\"Account {name}, password {pwd}\")\n            class_instance = LoginPage(self.driver)\n            class_instance.navigateToApplication() \\\n                .clickToSingIn() \\\n                .enterUserName(name) \\\n                .enterPassword(pwd) \\\n                .clickToSingInButton() \\\n                .verifyMyAccountPage()\n        except WebDriverException as e:\n>           raise e\n\nAppTests\\test_web.py:29: \n_ _ _ _ _ _ _ _ _ _ _ _ _ _ _ _ _ _ _ _ _ _ _ _ _ _ _ _ _ _ _ _ _ _ _ _ _ _ _ _ _ _ _ _ _ _ _ _ _ _ _ _ _ _ _ _ _ _ _ _ _ _ _ _ _ _ _ _ _ _ _ _ _ _ _ _ _ _ _ _ _ _\nAppTests\\test_web.py:22: in test_login\n    class_instance.navigateToApplication() \\\nAppPages\\MyAccountPage.py:14: in verifyMyAccountPage\n    if self.webDriveObject.isElementPresent(self, By.XPATH, \"//h1[text()='My account']\"):\nwebdriver\\WebdriverBasePage.py:89: in isElementPresent\n    raise e\nwebdriver\\WebdriverBasePage.py:79: in isElementPresent\n    mwait.until(\n_ _ _ _ _ _ _ _ _ _ _ _ _ _ _ _ _ _ _ _ _ _ _ _ _ _ _ _ _ _ _ _ _ _ _ _ _ _ _ _ _ _ _ _ _ _ _ _ _ _ _ _ _ _ _ _ _ _ _ _ _ _ _ _ _ _ _ _ _ _ _ _ _ _ _ _ _ _ _ _ _ _\n\nself = <selenium.webdriver.support.wait.WebDriverWait (session=\"6746feb264d2fac79bcfce39d3b6dffd\")>\nmethod = <selenium.webdriver.support.expected_conditions.presence_of_element_located object at 0x0000023EA584DCD0>, message = 'element is not present'\n\n    def until(self, method, message=''):\n        \"\"\"Calls the method provided with the driver as an argument until the \\\n        return value is not False.\"\"\"\n        screen = None\n        stacktrace = None\n    \n        end_time = time.time() + self._timeout\n        while True:\n            try:\n                value = method(self._driver)\n                if value:\n                    return value\n            except self._ignored_exceptions as exc:\n                screen = getattr(exc, 'screen', None)\n                stacktrace = getattr(exc, 'stacktrace', None)\n            time.sleep(self._poll)\n            if time.time() > end_time:\n                break\n>       raise TimeoutException(message, screen, stacktrace)\nE       selenium.common.exceptions.TimeoutException: Message: element is not present\n\nvenv\\lib\\site-packages\\selenium\\webdriver\\support\\wait.py:80: TimeoutException",
  "flaky" : false,
  "newFailed" : false,
  "beforeStages" : [ {
    "name" : "test_loginMulUsers",
    "time" : {
      "start" : 1603026942000,
      "stop" : 1603026942005,
      "duration" : 5
    },
    "status" : "passed",
    "steps" : [ ],
    "attachments" : [ {
      "uid" : "549eaa062362bf87",
      "name" : "d6beea46-a0b2-48aa-bbcf-86fa284f758e-attachment.attach",
      "source" : "549eaa062362bf87.attach",
      "type" : "text/plain",
      "size" : 96
    } ],
    "parameters" : [ ],
    "hasContent" : true,
    "stepsCount" : 0,
    "attachmentsCount" : 1,
    "shouldDisplayMessage" : false
  }, {
    "name" : "test_setup",
    "time" : {
      "start" : 1603026938285,
      "stop" : 1603026941997,
      "duration" : 3712
    },
    "status" : "passed",
    "steps" : [ ],
    "attachments" : [ ],
    "parameters" : [ ],
    "hasContent" : false,
    "stepsCount" : 0,
    "attachmentsCount" : 0,
    "shouldDisplayMessage" : false
  }, {
    "name" : "test_data",
    "time" : {
      "start" : 1603026941998,
      "stop" : 1603026942000,
      "duration" : 2
    },
    "status" : "passed",
    "steps" : [ ],
    "attachments" : [ ],
    "parameters" : [ ],
    "hasContent" : false,
    "stepsCount" : 0,
    "attachmentsCount" : 0,
    "shouldDisplayMessage" : false
  } ],
  "testStage" : {
    "status" : "broken",
    "statusMessage" : "selenium.common.exceptions.TimeoutException: Message: element is not present",
    "statusTrace" : "self = <test_web.TestWeb object at 0x0000023EA5678FA0>, test_loginMulUsers = ('Test7User7@qa.com', 'Admin2')\n\n    @severity(severity_level.CRITICAL)\n    @pytest.mark.parametrize(\"test_loginMulUsers\", [\n        {\"username\": \"Test7User7@qa.com\", \"pwd\": \"Admin1\"},\n        {\"username\": \"Test7User7@qa.com\", \"pwd\": \"Admin2\"}], indirect=True)\n    def test_login(self, test_loginMulUsers):\n        try:\n            name, pwd = test_loginMulUsers\n            allure.attach(f\"Account {name}, password {pwd}\")\n            class_instance = LoginPage(self.driver)\n            class_instance.navigateToApplication() \\\n                .clickToSingIn() \\\n                .enterUserName(name) \\\n                .enterPassword(pwd) \\\n                .clickToSingInButton() \\\n                .verifyMyAccountPage()\n        except WebDriverException as e:\n>           raise e\n\nAppTests\\test_web.py:29: \n_ _ _ _ _ _ _ _ _ _ _ _ _ _ _ _ _ _ _ _ _ _ _ _ _ _ _ _ _ _ _ _ _ _ _ _ _ _ _ _ _ _ _ _ _ _ _ _ _ _ _ _ _ _ _ _ _ _ _ _ _ _ _ _ _ _ _ _ _ _ _ _ _ _ _ _ _ _ _ _ _ _\nAppTests\\test_web.py:22: in test_login\n    class_instance.navigateToApplication() \\\nAppPages\\MyAccountPage.py:14: in verifyMyAccountPage\n    if self.webDriveObject.isElementPresent(self, By.XPATH, \"//h1[text()='My account']\"):\nwebdriver\\WebdriverBasePage.py:89: in isElementPresent\n    raise e\nwebdriver\\WebdriverBasePage.py:79: in isElementPresent\n    mwait.until(\n_ _ _ _ _ _ _ _ _ _ _ _ _ _ _ _ _ _ _ _ _ _ _ _ _ _ _ _ _ _ _ _ _ _ _ _ _ _ _ _ _ _ _ _ _ _ _ _ _ _ _ _ _ _ _ _ _ _ _ _ _ _ _ _ _ _ _ _ _ _ _ _ _ _ _ _ _ _ _ _ _ _\n\nself = <selenium.webdriver.support.wait.WebDriverWait (session=\"6746feb264d2fac79bcfce39d3b6dffd\")>\nmethod = <selenium.webdriver.support.expected_conditions.presence_of_element_located object at 0x0000023EA584DCD0>, message = 'element is not present'\n\n    def until(self, method, message=''):\n        \"\"\"Calls the method provided with the driver as an argument until the \\\n        return value is not False.\"\"\"\n        screen = None\n        stacktrace = None\n    \n        end_time = time.time() + self._timeout\n        while True:\n            try:\n                value = method(self._driver)\n                if value:\n                    return value\n            except self._ignored_exceptions as exc:\n                screen = getattr(exc, 'screen', None)\n                stacktrace = getattr(exc, 'stacktrace', None)\n            time.sleep(self._poll)\n            if time.time() > end_time:\n                break\n>       raise TimeoutException(message, screen, stacktrace)\nE       selenium.common.exceptions.TimeoutException: Message: element is not present\n\nvenv\\lib\\site-packages\\selenium\\webdriver\\support\\wait.py:80: TimeoutException",
    "steps" : [ ],
    "attachments" : [ {
      "uid" : "7e280098fa02057a",
      "name" : "1e7d1742-ee2f-4af9-b05c-440f9fdabf32-attachment.attach",
      "source" : "7e280098fa02057a.attach",
      "type" : "text/plain",
      "size" : 42
    }, {
      "uid" : "8d4af03ec490a982",
      "name" : "stdout",
      "source" : "8d4af03ec490a982.txt",
      "type" : "text/plain",
      "size" : 76
    } ],
    "parameters" : [ ],
    "hasContent" : true,
    "stepsCount" : 0,
    "attachmentsCount" : 2,
    "shouldDisplayMessage" : true
  },
  "afterStages" : [ {
    "name" : "test_loginMulUsers::0",
    "time" : {
      "start" : 1603027017801,
      "stop" : 1603027017801,
      "duration" : 0
    },
    "status" : "passed",
    "steps" : [ ],
    "attachments" : [ ],
    "parameters" : [ ],
    "hasContent" : false,
    "stepsCount" : 0,
    "attachmentsCount" : 0,
    "shouldDisplayMessage" : false
  }, {
    "name" : "test_setup::0",
    "time" : {
      "start" : 1603027017807,
      "stop" : 1603027020104,
      "duration" : 2297
    },
    "status" : "passed",
    "steps" : [ ],
    "attachments" : [ ],
    "parameters" : [ ],
    "hasContent" : false,
    "stepsCount" : 0,
    "attachmentsCount" : 0,
    "shouldDisplayMessage" : false
  } ],
  "labels" : [ {
    "name" : "severity",
    "value" : "critical"
  }, {
    "name" : "tag",
    "value" : "@pytest.mark.usefixtures('test_setup', 'test_data')"
  }, {
    "name" : "parentSuite",
    "value" : "AppTests"
  }, {
    "name" : "suite",
    "value" : "test_web"
  }, {
    "name" : "subSuite",
    "value" : "TestWeb"
  }, {
    "name" : "host",
    "value" : "IN-IT2755"
  }, {
    "name" : "thread",
    "value" : "19920-MainThread"
  }, {
    "name" : "framework",
    "value" : "pytest"
  }, {
    "name" : "language",
    "value" : "cpython3"
  }, {
    "name" : "package",
    "value" : "AppTests.test_web"
  }, {
    "name" : "resultFormat",
    "value" : "allure2"
  } ],
  "parameters" : [ {
    "name" : "test_loginMulUsers",
    "value" : "{'username': 'Test7User7@qa.com', 'pwd': 'Admin2'}"
  } ],
  "links" : [ ],
  "hidden" : false,
  "retry" : false,
  "extra" : {
    "severity" : "critical",
    "retries" : [ ],
    "categories" : [ {
      "name" : "Test defects",
      "matchedStatuses" : [ "broken" ],
      "flaky" : false
    } ],
    "tags" : [ "@pytest.mark.usefixtures('test_setup', 'test_data')" ]
  },
  "source" : "df6eed8d986c98ec.json",
  "parameterValues" : [ "{'username': 'Test7User7@qa.com', 'pwd': 'Admin2'}" ]
}