{"name": "test_navigate_Product_listing_from_product_details[test_loginMulUsers0]", "status": "broken", "statusDetails": {"message": "selenium.common.exceptions.TimeoutException: Message: element is not present", "trace": "self = <tests.test_swag_lab_sorting.TestLogin object at 0x00000256C0A801C0>, test_loginMulUsers = ('standard_user', 'secret_sauce')\n\n    @pytest.mark.parametrize(\"test_loginMulUsers\", [\n        {\"username\": \"standard_user\", \"pwd\": \"secret_sauce\"}\n    ], indirect=True)\n    def test_navigate_Product_listing_from_product_details(self, test_loginMulUsers):\n        try:\n            name, pwd = test_loginMulUsers\n            swagloginPageObject = SwagLabLoginPage(self.driver, self.filePath)\n            swagloginPageObject.navigateToApplication(ConfigReaderUtil.get_env_value('baseUrl'))\n            swagloginPageObject.enterUserName(name)\n            swagloginPageObject.enterPassword(pwd)\n            inventorypage = swagloginPageObject.click_login_button()\n            loginsuccess = inventorypage.verifyInventoryPage()\n            assert loginsuccess is True\n            inventorypage.clik_product_link()\n            inventorypage.clik_back_to_products_link()\n            verifyInventoryPage = inventorypage.verifyInventoryPage()\n            assert verifyInventoryPage is True\n            inventorypage.clik_main_menu()\n            time.sleep(3)\n            inventorypage.clik_logout_lick()\n    \n        except WebDriverException as e:\n            BaseTest.take_screenshot(self, e.msg)\n>           raise e\n\ntest_swag_lab_sorting.py:133: \n_ _ _ _ _ _ _ _ _ _ _ _ _ _ _ _ _ _ _ _ _ _ _ _ _ _ _ _ _ _ _ _ _ _ _ _ _ _ _ _ _ _ _ _ _ _ _ _ _ _ _ _ _ _ _ _ _ _ _ _ _ _ _ _ _ _ _ _ _ _ _ _ _ _ _ _ _ \ntest_swag_lab_sorting.py:123: in test_navigate_Product_listing_from_product_details\n    inventorypage.clik_product_link()\n..\\pages\\swag_inventory_page.py:73: in clik_product_link\n    BasePage.click(self, By.XPATH, self.locator.SwagInventoryPage.PRODUCT_LINK)\n..\\webdriver\\WebdriverBasePage.py:50: in click\n    raise e\n..\\webdriver\\WebdriverBasePage.py:43: in click\n    self.elementWaitCondition(byelement, byindentifier)\n..\\webdriver\\WebdriverBasePage.py:26: in elementWaitCondition\n    self.web_driver_wait.until(\n_ _ _ _ _ _ _ _ _ _ _ _ _ _ _ _ _ _ _ _ _ _ _ _ _ _ _ _ _ _ _ _ _ _ _ _ _ _ _ _ _ _ _ _ _ _ _ _ _ _ _ _ _ _ _ _ _ _ _ _ _ _ _ _ _ _ _ _ _ _ _ _ _ _ _ _ _ \n\nself = <selenium.webdriver.support.wait.WebDriverWait (session=\"dc3469e7390595673bb84c158a543149\")>\nmethod = <selenium.webdriver.support.expected_conditions.presence_of_element_located object at 0x00000256C0A75DC0>, message = 'element is not present'\n\n    def until(self, method, message=''):\n        \"\"\"Calls the method provided with the driver as an argument until the \\\n        return value is not False.\"\"\"\n        screen = None\n        stacktrace = None\n    \n        end_time = time.time() + self._timeout\n        while True:\n            try:\n                value = method(self._driver)\n                if value:\n                    return value\n            except self._ignored_exceptions as exc:\n                screen = getattr(exc, 'screen', None)\n                stacktrace = getattr(exc, 'stacktrace', None)\n            time.sleep(self._poll)\n            if time.time() > end_time:\n                break\n>       raise TimeoutException(message, screen, stacktrace)\nE       selenium.common.exceptions.TimeoutException: Message: element is not present\n\n..\\venv\\lib\\site-packages\\selenium\\webdriver\\support\\wait.py:80: TimeoutException"}, "attachments": [{"name": "screenshot", "source": "14684216-0948-4d12-930b-2b5640e149b1-attachment.png", "type": "image/png"}, {"name": "stdout", "source": "d5d1a925-572a-41d5-adb1-3a1d1845cd44-attachment.txt", "type": "text/plain"}], "parameters": [{"name": "test_loginMulUsers", "value": "{'username': 'standard_user', 'pwd': 'secret_sauce'}"}], "start": 1649825762111, "stop": 1649825799707, "uuid": "85173181-7bb7-44f5-9c8c-ae109d70eed6", "historyId": "288924dd4d4b7e36154473462f1a44d5", "testCaseId": "fcaede698ec91072e1e27b7e1aee69f0", "fullName": "tests.test_swag_lab_sorting.TestLogin#test_navigate_Product_listing_from_product_details", "labels": [{"name": "tag", "value": "@pytest.mark.usefixtures('driver_get', 'create_logger_file', 'test_data', 'test_XML_data')"}, {"name": "parentSuite", "value": "tests"}, {"name": "suite", "value": "test_swag_lab_sorting"}, {"name": "subSuite", "value": "TestLogin"}, {"name": "host", "value": "IN3055478W1"}, {"name": "thread", "value": "19204-MainThread"}, {"name": "framework", "value": "pytest"}, {"name": "language", "value": "cpython3"}, {"name": "package", "value": "tests.test_swag_lab_sorting"}]}