{"name": "test_remove_products[test_loginMulUsers0]", "status": "broken", "statusDetails": {"message": "selenium.common.exceptions.TimeoutException: Message: element is not present", "trace": "self = <tests.test_swag_lab_sorting.TestLogin object at 0x0000018E4EFA9850>, test_loginMulUsers = ('standard_user', 'secret_sauce')\n\n    @pytest.mark.parametrize(\"test_loginMulUsers\", [\n        {\"username\": \"standard_user\", \"pwd\": \"secret_sauce\"}\n    ], indirect=True)\n    def test_remove_products(self, test_loginMulUsers):\n        try:\n            name, pwd = test_loginMulUsers\n            swagloginPageObject = SwagLabLoginPage(self.driver, self.filePath)\n            swagloginPageObject.navigateToApplication(ConfigReaderUtil.get_env_value('baseUrl'))\n            swagloginPageObject.enterUserName(name)\n            swagloginPageObject.enterPassword(pwd)\n            inventorypage = swagloginPageObject.click_login_button()\n            loginsuccess = inventorypage.verifyInventoryPage()\n            assert loginsuccess is True\n            inventorypage.clik_addtocart_lick()\n            inventorypage.clik_cart_icon()\n            inventorypage.clik_remove_button()\n            carthasitems = inventorypage.verifY_cart_empty()\n            assert carthasitems is False\n            inventorypage.clik_continue_shopping()\n            inventorypage.clik_main_menu()\n            time.sleep(3)\n            inventorypage.clik_logout_lick()\n    \n        except WebDriverException as e:\n            BaseTest.take_screenshot(self, e.msg)\n>           raise e\n\ntest_swag_lab_sorting.py:213: \n_ _ _ _ _ _ _ _ _ _ _ _ _ _ _ _ _ _ _ _ _ _ _ _ _ _ _ _ _ _ _ _ _ _ _ _ _ _ _ _ _ _ _ _ _ _ _ _ _ _ _ _ _ _ _ _ _ _ _ _ _ _ _ _ _ _ _ _ _ _ _ _ _ _ _ _ _ \ntest_swag_lab_sorting.py:201: in test_remove_products\n    inventorypage.clik_addtocart_lick()\n..\\pages\\swag_inventory_page.py:63: in clik_addtocart_lick\n    BasePage.click(self, By.XPATH, self.locator.SwagInventoryPage.ADD_TO_CART_LINK)\n..\\webdriver\\WebdriverBasePage.py:50: in click\n    raise e\n..\\webdriver\\WebdriverBasePage.py:43: in click\n    self.elementWaitCondition(byelement, byindentifier)\n..\\webdriver\\WebdriverBasePage.py:26: in elementWaitCondition\n    self.web_driver_wait.until(\n_ _ _ _ _ _ _ _ _ _ _ _ _ _ _ _ _ _ _ _ _ _ _ _ _ _ _ _ _ _ _ _ _ _ _ _ _ _ _ _ _ _ _ _ _ _ _ _ _ _ _ _ _ _ _ _ _ _ _ _ _ _ _ _ _ _ _ _ _ _ _ _ _ _ _ _ _ \n\nself = <selenium.webdriver.support.wait.WebDriverWait (session=\"c078e02e5402652faae8f8266fbcb01c\")>\nmethod = <selenium.webdriver.support.expected_conditions.presence_of_element_located object at 0x0000018E4EFA2DF0>, message = 'element is not present'\n\n    def until(self, method, message=''):\n        \"\"\"Calls the method provided with the driver as an argument until the \\\n        return value is not False.\"\"\"\n        screen = None\n        stacktrace = None\n    \n        end_time = time.time() + self._timeout\n        while True:\n            try:\n                value = method(self._driver)\n                if value:\n                    return value\n            except self._ignored_exceptions as exc:\n                screen = getattr(exc, 'screen', None)\n                stacktrace = getattr(exc, 'stacktrace', None)\n            time.sleep(self._poll)\n            if time.time() > end_time:\n                break\n>       raise TimeoutException(message, screen, stacktrace)\nE       selenium.common.exceptions.TimeoutException: Message: element is not present\n\n..\\venv\\lib\\site-packages\\selenium\\webdriver\\support\\wait.py:80: TimeoutException"}, "attachments": [{"name": "screenshot", "source": "06c5192e-3e36-489a-abe3-4b36a631f3e3-attachment.png", "type": "image/png"}, {"name": "stdout", "source": "ba5c4412-56db-4196-97d4-0394feffecf3-attachment.txt", "type": "text/plain"}], "parameters": [{"name": "test_loginMulUsers", "value": "{'username': 'standard_user', 'pwd': 'secret_sauce'}"}], "start": 1651310503436, "stop": 1651310540408, "uuid": "40da245a-c68f-4748-9def-7467f48703dd", "historyId": "f1dc47b58b86ef4f8bd9e296a3f6a409", "testCaseId": "93f81c53ee06cf4cd4096bc04671b4c6", "fullName": "tests.test_swag_lab_sorting.TestLogin#test_remove_products", "labels": [{"name": "tag", "value": "@pytest.mark.usefixtures('driver_get', 'create_logger_file', 'test_data', 'test_XML_data')"}, {"name": "parentSuite", "value": "tests"}, {"name": "suite", "value": "test_swag_lab_sorting"}, {"name": "subSuite", "value": "TestLogin"}, {"name": "host", "value": "IN3055478W1"}, {"name": "thread", "value": "9628-MainThread"}, {"name": "framework", "value": "pytest"}, {"name": "language", "value": "cpython3"}, {"name": "package", "value": "tests.test_swag_lab_sorting"}]}